[INFO] Start Wed Jan 28 02:59:01 AM CET 2026
[INFO] Instance=DSJC1000.9.col seed=0 algo=iterlp2_full TL=28800s (soft=28680s)
[INFO] Outputs:
  /home/ta32xoy/masterarbeit/results/time_DSJC1000.9_iterlp_seed0_runs_3092358.csv
  /home/ta32xoy/masterarbeit/results/time_DSJC1000.9_iterlp_seed0_summary_3092358.csv
[INFO] runner path: /home/ta32xoy/masterarbeit/runner.py
[INFO] runner md5: 2a825c6a9bb7ecda3f396f042df710d7  /home/ta32xoy/masterarbeit/runner.py
[Runner] path=/home/ta32xoy/masterarbeit/runner.py md5=2a825c6a9bb7ecda3f396f042df710d7
[Runner] instances=1 algos=1 algo_seeds=[0] time_limit=28680s
[Init] graph: |V|=1000 |E|=449449 |LB|=53 |UB(init)|=316 |K|=316 via smallest_last
[Init] LB=53 | UB(init:smallest_last)=316
[LP] model built once (incremental), initial |C|=316 (K=316) with precedence & clique-cuts
[WARN] Caught SIGTERM/SIGINT at Wed Jan 28 10:38:24 AM CET 2026. Forwarding SIGINT to python for graceful shutdown...
[WARN] CSV status after interrupt:
-rw------- 1 ta32xoy unijena 483 Jan 28 03:20 /home/ta32xoy/masterarbeit/results/time_DSJC1000.9_iterlp_seed0_runs_3092358.csv
-rw------- 1 ta32xoy unijena 144 Jan 28 03:20 /home/ta32xoy/masterarbeit/results/time_DSJC1000.9_iterlp_seed0_summary_3092358.csv
[WARN] Tail runs.csv (if exists):
instance,family,n,m,density,avg_deg,algo,algo_seed,time_limit_sec,init_heuristic,fix_policy,strong_margin,max_fix_per_round,restarts,perturb_y,ablation,LB,UB,gap,feasible,conflicts,runtime_sec,iters,stop_reason,best_time_sec,best_round,status,last_update_ts,error
DSJC1000.9,dimacs,1000,449449,0.8997977977977978,898.898,iterlp2_full,0,28680,smallest_last,prefix_shrink+rounded_support,0.25,20,32,1e-06,full,,316,,False,,1271.358278363943,,,1.455498456954956,0,running,1769566826,
[INFO] End   Wed Jan 28 10:38:24 AM CET 2026
[INFO] WallClockSec=27563
[INFO] runner.py exit code=143
-rw------- 1 ta32xoy unijena 483 Jan 28 03:20 /home/ta32xoy/masterarbeit/results/time_DSJC1000.9_iterlp_seed0_runs_3092358.csv
-rw------- 1 ta32xoy unijena 144 Jan 28 03:20 /home/ta32xoy/masterarbeit/results/time_DSJC1000.9_iterlp_seed0_summary_3092358.csv
[INFO] Tail runs.csv:
instance,family,n,m,density,avg_deg,algo,algo_seed,time_limit_sec,init_heuristic,fix_policy,strong_margin,max_fix_per_round,restarts,perturb_y,ablation,LB,UB,gap,feasible,conflicts,runtime_sec,iters,stop_reason,best_time_sec,best_round,status,last_update_ts,error
DSJC1000.9,dimacs,1000,449449,0.8997977977977978,898.898,iterlp2_full,0,28680,smallest_last,prefix_shrink+rounded_support,0.25,20,32,1e-06,full,,316,,False,,1271.358278363943,,,1.455498456954956,0,running,1769566826,
[INFO] Tail summary.csv:
instance,algo,runs,UB_min,UB_mean,runtime_mean_sec,best_time_mean_sec
DSJC1000.9,iterlp2_full,1,316,316.0,1271.358278363943,1.455498456954956
