[INFO] Start Sun Feb  1 03:43:13 AM CET 2026
[INFO] Instance=DSJC1000.9.col seed=0 algo=iterlp2_full TL=28800s (soft=28680s)
[INFO] Outputs:
  /home/ta32xoy/masterarbeit/results/time_DSJC1000.9_iterlp_seed0_runs_3098061.csv
  /home/ta32xoy/masterarbeit/results/time_DSJC1000.9_iterlp_seed0_summary_3098061.csv
[INFO] runner path: /home/ta32xoy/masterarbeit/runner.py
[INFO] runner md5: 84431bb375b9ff2ed1e759e18f46fbfc  /home/ta32xoy/masterarbeit/runner.py
[Runner] path=/home/ta32xoy/masterarbeit/runner.py md5=84431bb375b9ff2ed1e759e18f46fbfc
[Runner] instances=1 algos=1 algo_seeds=[0] time_limit=28680s
[DBG-TL-init] time_limit_sec=28680 deadline_in=28680.0s
[Init] graph: |V|=1000 |E|=449449 |LB|=53 |UB(init)|=316 |K|=316 via smallest_last
[Init] LB=53 | UB(init:smallest_last)=316
[LP] model built once (incremental), initial |C|=316 (K=316) with precedence & clique-cuts
[DBG-ENTER] round_id=1 elapsed=10.5s time_left=28669.5s UB=316 K=316
[DBG] n=1000 m=449449 UB=316 K=316 lazy=True is_big=True lp_main_cap=300.0
  [LazyEdge] added=100000
[DBG-TL-round] round_id=1 time_left=28664.2s
[Round 1] zLP=53.000000 | ceil(zLP)=53 | K=316 | UB=316 | t=15.76s
  [Rounding] feasible=True | used=297 | conflicts=0
[LocalSearch] highest color class removed; colors now=297
[LocalSearch] highest color class removed; colors now=297
[LocalSearch] highest color class removed; colors now=297
[LocalSearch] highest color class removed; colors now=297
[LocalSearch] highest color class removed; colors now=297
  [Rounding/Local] improved UB -> 297
  [Rounding] feasible=True | used=297 | conflicts=0
  [FixPolicy] sample x-gap min/max over first 10 picks: 1.000/1.000
  [FixPolicy] y_zero=263 | x_one=5 | x_zero=0 | strong_margin=0.25 | max_fix_per_round=10
  [FixApply] applying tokens=5 (x fixings only in prefix K)
  [FixApply] status=ROLLBACK
[DBG-TL-round] round_id=1 time_left=26338.8s
  [Round 1 END] UB=297 | K=316 | ceil(zLP)=53 | improved=True | fixed=False
[DBG-ENTER] round_id=2 elapsed=2341.2s time_left=26338.8s UB=297 K=316
[DBG] n=1000 m=449449 UB=297 K=316 lazy=True is_big=True lp_main_cap=60.0
  [LazyEdge] added=100000
[DBG-TL-round] round_id=2 time_left=26331.8s
[Round 2] zLP=53.000000 | ceil(zLP)=53 | K=316 | UB=297 | t=2348.15s
  [Fix] shrink to K=297 infeasible - rollback; keep K=316
  [Rounding] feasible=True | used=299 | conflicts=0
[LocalSearch] highest color class removed; colors now=299
[LocalSearch] highest color class removed; colors now=299
[LocalSearch] highest color class removed; colors now=299
[LocalSearch] highest color class removed; colors now=299
[LocalSearch] highest color class removed; colors now=299
  [Rounding] feasible=True | used=299 | conflicts=0
  [FixPolicy] sample x-gap min/max over first 10 picks: 1.000/1.000
  [FixPolicy] y_zero=263 | x_one=5 | x_zero=0 | strong_margin=0.25 | max_fix_per_round=10
  [FixApply] applying tokens=5 (x fixings only in prefix K)
  [FixApply] status=ROLLBACK
[DBG-TL-round] round_id=2 time_left=24077.1s
  [Round 2 END] UB=297 | K=316 | ceil(zLP)=53 | improved=False | fixed=False
[DBG-ENTER] round_id=3 elapsed=4602.9s time_left=24077.1s UB=297 K=316
[DBG] n=1000 m=449449 UB=297 K=316 lazy=True is_big=True lp_main_cap=60.0
  [LazyEdge] added=100000
[DBG-TL-round] round_id=3 time_left=24013.0s
[Round 3] zLP=53.000000 | ceil(zLP)=53 | K=316 | UB=297 | t=4666.97s
  [Fix] shrink to K=297 infeasible - rollback; keep K=316
  [Rounding] feasible=True | used=297 | conflicts=0
[LocalSearch] highest color class removed; colors now=297
[LocalSearch] highest color class removed; colors now=297
[LocalSearch] highest color class removed; colors now=297
[LocalSearch] highest color class removed; colors now=297
[LocalSearch] highest color class removed; colors now=297
  [Rounding] feasible=True | used=297 | conflicts=0
  [FixPolicy] sample x-gap min/max over first 10 picks: 1.000/1.000
  [FixPolicy] y_zero=263 | x_one=5 | x_zero=0 | strong_margin=0.25 | max_fix_per_round=10
  [FixApply] applying tokens=5 (x fixings only in prefix K)
  [FixApply] status=ROLLBACK
[DBG-TL-round] round_id=3 time_left=21834.5s
  [Round 3 END] UB=297 | K=316 | ceil(zLP)=53 | improved=False | fixed=False
[DBG-ENTER] round_id=4 elapsed=6845.5s time_left=21834.5s UB=297 K=316
[DBG] n=1000 m=449449 UB=297 K=316 lazy=True is_big=True lp_main_cap=60.0
  [LazyEdge] added=100000
[DBG-TL-round] round_id=4 time_left=21770.3s
[Round 4] zLP=53.000000 | ceil(zLP)=53 | K=316 | UB=297 | t=6909.72s
  [Fix] shrink to K=297 infeasible - rollback; keep K=316
  [Rounding] feasible=True | used=297 | conflicts=0
[LocalSearch] highest color class removed; colors now=297
[LocalSearch] highest color class removed; colors now=297
[LocalSearch] highest color class removed; colors now=297
[LocalSearch] highest color class removed; colors now=297
[LocalSearch] highest color class removed; colors now=297
  [Rounding] feasible=True | used=297 | conflicts=0
  [FixPolicy] sample x-gap min/max over first 10 picks: 1.000/1.000
  [FixPolicy] y_zero=263 | x_one=5 | x_zero=0 | strong_margin=0.25 | max_fix_per_round=10
  [FixApply] applying tokens=5 (x fixings only in prefix K)
  [FixApply] status=ROLLBACK
[DBG-TL-round] round_id=4 time_left=19621.4s
  [Round 4 END] UB=297 | K=316 | ceil(zLP)=53 | improved=False | fixed=False
[DBG-ENTER] round_id=5 elapsed=9058.6s time_left=19621.4s UB=297 K=316
[DBG] n=1000 m=449449 UB=297 K=316 lazy=True is_big=True lp_main_cap=60.0
  [LazyEdge] added=100000
[DBG-TL-round] round_id=5 time_left=19572.6s
[Round 5] zLP=53.000000 | ceil(zLP)=53 | K=316 | UB=297 | t=9107.36s
  [Fix] shrink to K=297 infeasible - rollback; keep K=316
  [Rounding] feasible=True | used=299 | conflicts=0
[LocalSearch] highest color class removed; colors now=299
[LocalSearch] highest color class removed; colors now=299
[LocalSearch] highest color class removed; colors now=299
[LocalSearch] highest color class removed; colors now=299
[LocalSearch] highest color class removed; colors now=299
  [Rounding] feasible=True | used=299 | conflicts=0
  [FixPolicy] sample x-gap min/max over first 10 picks: 1.000/1.000
  [FixPolicy] y_zero=263 | x_one=5 | x_zero=0 | strong_margin=0.25 | max_fix_per_round=10
  [FixApply] applying tokens=5 (x fixings only in prefix K)
  [FixApply] status=ROLLBACK
[DBG-TL-round] round_id=5 time_left=17411.9s
  [Round 5 END] UB=297 | K=316 | ceil(zLP)=53 | improved=False | fixed=False
[DBG-ENTER] round_id=6 elapsed=11268.1s time_left=17411.9s UB=297 K=316
[DBG] n=1000 m=449449 UB=297 K=316 lazy=True is_big=True lp_main_cap=60.0
  [LP] solve timed out under per-call cap=60.0s, time_left=17351.4s -> continue
[DBG-ENTER] round_id=7 elapsed=11328.6s time_left=17351.4s UB=297 K=316
[DBG] n=1000 m=449449 UB=297 K=316 lazy=True is_big=True lp_main_cap=60.0
  [LazyEdge] added=100000
[DBG-TL-round] round_id=7 time_left=17286.6s
[Round 7] zLP=53.000000 | ceil(zLP)=53 | K=316 | UB=297 | t=11393.43s
  [Fix] shrink to K=297 infeasible - rollback; keep K=316
  [Rounding] feasible=True | used=299 | conflicts=0
[LocalSearch] highest color class removed; colors now=299
[LocalSearch] highest color class removed; colors now=299
[LocalSearch] highest color class removed; colors now=299
[LocalSearch] highest color class removed; colors now=299
[LocalSearch] highest color class removed; colors now=299
  [Rounding] feasible=True | used=299 | conflicts=0
  [FixPolicy] sample x-gap min/max over first 10 picks: 1.000/1.000
  [FixPolicy] y_zero=263 | x_one=5 | x_zero=0 | strong_margin=0.25 | max_fix_per_round=10
  [FixApply] applying tokens=5 (x fixings only in prefix K)
  [FixApply] status=ROLLBACK
[DBG-TL-round] round_id=7 time_left=15133.3s
  [Round 7 END] UB=297 | K=316 | ceil(zLP)=53 | improved=False | fixed=False
[DBG-ENTER] round_id=8 elapsed=13546.7s time_left=15133.3s UB=297 K=316
[DBG] n=1000 m=449449 UB=297 K=316 lazy=True is_big=True lp_main_cap=60.0
  [LazyEdge] added=100000
[DBG-TL-round] round_id=8 time_left=15124.5s
[Round 8] zLP=53.000000 | ceil(zLP)=53 | K=316 | UB=297 | t=13555.55s
  [Fix] shrink to K=297 infeasible - rollback; keep K=316
  [Rounding] feasible=True | used=297 | conflicts=0
[LocalSearch] highest color class removed; colors now=297
[LocalSearch] highest color class removed; colors now=297
[LocalSearch] highest color class removed; colors now=297
[LocalSearch] highest color class removed; colors now=297
[LocalSearch] highest color class removed; colors now=297
  [Rounding] feasible=True | used=297 | conflicts=0
  [FixPolicy] sample x-gap min/max over first 10 picks: 1.000/1.000
  [FixPolicy] y_zero=263 | x_one=5 | x_zero=0 | strong_margin=0.25 | max_fix_per_round=10
  [FixApply] applying tokens=5 (x fixings only in prefix K)
  [FixApply] status=ROLLBACK
[DBG-TL-round] round_id=8 time_left=12950.0s
  [Round 8 END] UB=297 | K=316 | ceil(zLP)=53 | improved=False | fixed=False
[DBG-ENTER] round_id=9 elapsed=15730.0s time_left=12950.0s UB=297 K=316
[DBG] n=1000 m=449449 UB=297 K=316 lazy=True is_big=True lp_main_cap=60.0
  [LazyEdge] added=100000
[DBG-TL-round] round_id=9 time_left=12884.8s
[Round 9] zLP=53.000000 | ceil(zLP)=53 | K=316 | UB=297 | t=15795.24s
  [Fix] shrink to K=297 infeasible - rollback; keep K=316
  [Rounding] feasible=True | used=299 | conflicts=0
[LocalSearch] highest color class removed; colors now=299
[LocalSearch] highest color class removed; colors now=299
[LocalSearch] highest color class removed; colors now=299
[LocalSearch] highest color class removed; colors now=299
[LocalSearch] highest color class removed; colors now=299
  [Rounding] feasible=True | used=299 | conflicts=0
  [FixPolicy] sample x-gap min/max over first 10 picks: 1.000/1.000
  [FixPolicy] y_zero=263 | x_one=5 | x_zero=0 | strong_margin=0.25 | max_fix_per_round=10
  [FixApply] applying tokens=5 (x fixings only in prefix K)
  [FixApply] status=ROLLBACK
[DBG-TL-round] round_id=9 time_left=10577.7s
  [Round 9 END] UB=297 | K=316 | ceil(zLP)=53 | improved=False | fixed=False
[DBG-ENTER] round_id=10 elapsed=18102.3s time_left=10577.7s UB=297 K=316
[DBG] n=1000 m=449449 UB=297 K=316 lazy=True is_big=True lp_main_cap=60.0
  [LazyEdge] added=100000
[DBG-TL-round] round_id=10 time_left=10551.2s
[Round 10] zLP=53.000000 | ceil(zLP)=53 | K=316 | UB=297 | t=18128.80s
  [Fix] shrink to K=297 infeasible - rollback; keep K=316
  [Rounding] feasible=True | used=299 | conflicts=0
[LocalSearch] highest color class removed; colors now=299
[LocalSearch] highest color class removed; colors now=299
[LocalSearch] highest color class removed; colors now=299
[LocalSearch] highest color class removed; colors now=299
[LocalSearch] highest color class removed; colors now=299
  [Rounding] feasible=True | used=299 | conflicts=0
  [FixPolicy] sample x-gap min/max over first 10 picks: 1.000/1.000
  [FixPolicy] y_zero=263 | x_one=5 | x_zero=0 | strong_margin=0.25 | max_fix_per_round=10
  [FixApply] applying tokens=5 (x fixings only in prefix K)
  [FixApply] status=ROLLBACK
[DBG-TL-round] round_id=10 time_left=8256.2s
  [Round 10 END] UB=297 | K=316 | ceil(zLP)=53 | improved=False | fixed=False
[DBG-ENTER] round_id=11 elapsed=20423.8s time_left=8256.2s UB=297 K=316
[DBG] n=1000 m=449449 UB=297 K=316 lazy=True is_big=True lp_main_cap=60.0
  [LazyEdge] added=100000
[DBG-TL-round] round_id=11 time_left=8248.0s
[Round 11] zLP=53.000000 | ceil(zLP)=53 | K=316 | UB=297 | t=20431.95s
  [Fix] shrink to K=297 infeasible - rollback; keep K=316
  [Rounding] feasible=True | used=297 | conflicts=0
[LocalSearch] highest color class removed; colors now=297
[LocalSearch] highest color class removed; colors now=297
[LocalSearch] highest color class removed; colors now=297
[LocalSearch] highest color class removed; colors now=297
[LocalSearch] highest color class removed; colors now=297
  [Rounding] feasible=True | used=297 | conflicts=0
  [FixPolicy] sample x-gap min/max over first 10 picks: 1.000/1.000
  [FixPolicy] y_zero=263 | x_one=5 | x_zero=0 | strong_margin=0.25 | max_fix_per_round=10
  [FixApply] applying tokens=5 (x fixings only in prefix K)
  [FixApply] status=ROLLBACK
[DBG-TL-round] round_id=11 time_left=5884.6s
  [Round 11 END] UB=297 | K=316 | ceil(zLP)=53 | improved=False | fixed=False
[DBG-ENTER] round_id=12 elapsed=22795.4s time_left=5884.6s UB=297 K=316
[DBG] n=1000 m=449449 UB=297 K=316 lazy=True is_big=True lp_main_cap=60.0
  [LazyEdge] added=100000
[DBG-TL-round] round_id=12 time_left=5876.2s
[Round 12] zLP=53.000000 | ceil(zLP)=53 | K=316 | UB=297 | t=22803.85s
  [Fix] shrink to K=297 infeasible - rollback; keep K=316
  [Rounding] feasible=True | used=297 | conflicts=0
[LocalSearch] highest color class removed; colors now=297
[LocalSearch] highest color class removed; colors now=297
[LocalSearch] highest color class removed; colors now=297
[LocalSearch] highest color class removed; colors now=297
[LocalSearch] highest color class removed; colors now=297
  [Rounding] feasible=True | used=297 | conflicts=0
  [FixPolicy] sample x-gap min/max over first 10 picks: 1.000/1.000
  [FixPolicy] y_zero=263 | x_one=5 | x_zero=0 | strong_margin=0.25 | max_fix_per_round=10
  [FixApply] applying tokens=5 (x fixings only in prefix K)
  [FixApply] status=ROLLBACK
[DBG-TL-round] round_id=12 time_left=3580.7s
  [Round 12 END] UB=297 | K=316 | ceil(zLP)=53 | improved=False | fixed=False
[DBG-ENTER] round_id=13 elapsed=25099.3s time_left=3580.7s UB=297 K=316
[DBG] n=1000 m=449449 UB=297 K=316 lazy=True is_big=True lp_main_cap=60.0
  [LazyEdge] added=100000
[DBG-TL-round] round_id=13 time_left=3572.4s
[Round 13] zLP=53.000000 | ceil(zLP)=53 | K=316 | UB=297 | t=25107.63s
  [Fix] shrink to K=297 infeasible - rollback; keep K=316
  [Rounding] feasible=True | used=297 | conflicts=0
[LocalSearch] highest color class removed; colors now=297
[LocalSearch] highest color class removed; colors now=297
[LocalSearch] highest color class removed; colors now=297
[LocalSearch] highest color class removed; colors now=297
[LocalSearch] highest color class removed; colors now=297
  [Rounding] feasible=True | used=297 | conflicts=0
  [FixPolicy] sample x-gap min/max over first 10 picks: 1.000/1.000
  [FixPolicy] y_zero=263 | x_one=5 | x_zero=0 | strong_margin=0.25 | max_fix_per_round=10
  [FixApply] applying tokens=5 (x fixings only in prefix K)
  [FixApply] status=ROLLBACK
[DBG-TL-round] round_id=13 time_left=1389.6s
  [Round 13 END] UB=297 | K=316 | ceil(zLP)=53 | improved=False | fixed=False
[DBG-ENTER] round_id=14 elapsed=27290.4s time_left=1389.6s UB=297 K=316
[DBG] n=1000 m=449449 UB=297 K=316 lazy=True is_big=True lp_main_cap=60.0
  [LazyEdge] added=100000
[DBG-TL-round] round_id=14 time_left=1381.0s
[Round 14] zLP=53.000000 | ceil(zLP)=53 | K=316 | UB=297 | t=27299.01s
  [Fix] shrink to K=297 infeasible - rollback; keep K=316
[Time] budget exhausted at after_rounding, UB=297
[DBG-EXIT] elapsed=28689.5s time_left=-9.5s stop_reason=time_limit
[Final] UB=297 LB=53 feasible=True zLP≈53.000000
[Runner] wrote runs -> /home/ta32xoy/masterarbeit/results/time_DSJC1000.9_iterlp_seed0_runs_3098061.csv
[Runner] wrote summary -> /home/ta32xoy/masterarbeit/results/time_DSJC1000.9_iterlp_seed0_summary_3098061.csv
[INFO] End   Sun Feb  1 11:41:28 AM CET 2026
[INFO] WallClockSec=28695
[INFO] runner.py exit code=0
-rw------- 1 ta32xoy unijena 483 Feb  1 11:41 /home/ta32xoy/masterarbeit/results/time_DSJC1000.9_iterlp_seed0_runs_3098061.csv
-rw------- 1 ta32xoy unijena 130 Feb  1 11:41 /home/ta32xoy/masterarbeit/results/time_DSJC1000.9_iterlp_seed0_summary_3098061.csv
[INFO] Tail runs.csv:
instance,family,n,m,density,avg_deg,algo,algo_seed,time_limit_sec,init_heuristic,fix_policy,strong_margin,max_fix_per_round,restarts,perturb_y,ablation,LB,UB,gap,feasible,conflicts,runtime_sec,iters,stop_reason,best_time_sec,best_round,status,last_update_ts,error
DSJC1000.9,dimacs,1000,449449,0.8997977977977978,898.898,iterlp2_full,0,28680,smallest_last,prefix_shrink+rounded_support,0.25,10,32,1e-06,full,53,297,244,True,0,28690.24433042109,12,time_limit,0.0,0,done,1769942487,
[INFO] Tail summary.csv:
instance,algo,runs,UB_min,UB_mean,runtime_mean_sec,best_time_mean_sec
DSJC1000.9,iterlp2_full,1,297,297.0,28690.24433042109,0.0
