[INFO] Start Sun Feb  1 03:42:51 AM CET 2026
[INFO] Instance=DSJC1000.9.col seed=2 algo=iterlp2_full TL=28800s (soft=28680s)
[INFO] Outputs:
  /home/ta32xoy/masterarbeit/results/time_DSJC1000.9_iterlp_seed2_runs_3098059.csv
  /home/ta32xoy/masterarbeit/results/time_DSJC1000.9_iterlp_seed2_summary_3098059.csv
[INFO] runner path: /home/ta32xoy/masterarbeit/runner.py
[INFO] runner md5: 84431bb375b9ff2ed1e759e18f46fbfc  /home/ta32xoy/masterarbeit/runner.py
[Runner] path=/home/ta32xoy/masterarbeit/runner.py md5=84431bb375b9ff2ed1e759e18f46fbfc
[Runner] instances=1 algos=1 algo_seeds=[2] time_limit=28680s
[DBG-TL-init] time_limit_sec=28680 deadline_in=28680.0s
[Init] graph: |V|=1000 |E|=449449 |LB|=53 |UB(init)|=316 |K|=316 via smallest_last
[Init] LB=53 | UB(init:smallest_last)=316
[LP] model built once (incremental), initial |C|=316 (K=316) with precedence & clique-cuts
[DBG-ENTER] round_id=1 elapsed=10.0s time_left=28670.0s UB=316 K=316
[DBG] n=1000 m=449449 UB=316 K=316 lazy=True is_big=True lp_main_cap=300.0
  [LazyEdge] added=100000
[DBG-TL-round] round_id=1 time_left=28665.4s
[Round 1] zLP=53.000000 | ceil(zLP)=53 | K=316 | UB=316 | t=14.64s
  [Rounding] feasible=True | used=297 | conflicts=0
[LocalSearch] highest color class removed; colors now=297
[LocalSearch] highest color class removed; colors now=297
[LocalSearch] highest color class removed; colors now=297
[LocalSearch] highest color class removed; colors now=297
[LocalSearch] highest color class removed; colors now=297
  [Rounding/Local] improved UB -> 297
  [Rounding] feasible=True | used=297 | conflicts=0
  [FixPolicy] sample x-gap min/max over first 10 picks: 1.000/1.000
  [FixPolicy] y_zero=263 | x_one=5 | x_zero=0 | strong_margin=0.25 | max_fix_per_round=10
  [FixApply] applying tokens=5 (x fixings only in prefix K)
  [FixApply] status=ROLLBACK
[DBG-TL-round] round_id=1 time_left=26809.9s
  [Round 1 END] UB=297 | K=316 | ceil(zLP)=53 | improved=True | fixed=False
[DBG-ENTER] round_id=2 elapsed=1870.1s time_left=26809.9s UB=297 K=316
[DBG] n=1000 m=449449 UB=297 K=316 lazy=True is_big=True lp_main_cap=60.0
  [LazyEdge] added=100000
[DBG-TL-round] round_id=2 time_left=26804.0s
[Round 2] zLP=53.000000 | ceil(zLP)=53 | K=316 | UB=297 | t=1876.02s
  [Fix] shrink to K=297 infeasible - rollback; keep K=316
  [Rounding] feasible=True | used=297 | conflicts=0
[LocalSearch] highest color class removed; colors now=297
[LocalSearch] highest color class removed; colors now=297
[LocalSearch] highest color class removed; colors now=297
[LocalSearch] highest color class removed; colors now=297
[LocalSearch] highest color class removed; colors now=297
  [Rounding] feasible=True | used=297 | conflicts=0
  [FixPolicy] sample x-gap min/max over first 10 picks: 1.000/1.000
  [FixPolicy] y_zero=263 | x_one=5 | x_zero=0 | strong_margin=0.25 | max_fix_per_round=10
  [FixApply] applying tokens=5 (x fixings only in prefix K)
  [FixApply] status=ROLLBACK
[DBG-TL-round] round_id=2 time_left=24939.8s
  [Round 2 END] UB=297 | K=316 | ceil(zLP)=53 | improved=False | fixed=False
[DBG-ENTER] round_id=3 elapsed=3740.2s time_left=24939.8s UB=297 K=316
[DBG] n=1000 m=449449 UB=297 K=316 lazy=True is_big=True lp_main_cap=60.0
  [LazyEdge] added=100000
[DBG-TL-round] round_id=3 time_left=24876.2s
[Round 3] zLP=53.000000 | ceil(zLP)=53 | K=316 | UB=297 | t=3803.84s
  [Fix] shrink to K=297 infeasible - rollback; keep K=316
  [Rounding] feasible=True | used=297 | conflicts=0
[LocalSearch] highest color class removed; colors now=297
[LocalSearch] highest color class removed; colors now=297
[LocalSearch] highest color class removed; colors now=297
[LocalSearch] highest color class removed; colors now=297
[LocalSearch] highest color class removed; colors now=297
  [Rounding] feasible=True | used=297 | conflicts=0
  [FixPolicy] sample x-gap min/max over first 10 picks: 1.000/1.000
  [FixPolicy] y_zero=263 | x_one=5 | x_zero=0 | strong_margin=0.25 | max_fix_per_round=10
  [FixApply] applying tokens=5 (x fixings only in prefix K)
  [FixApply] status=ROLLBACK
[DBG-TL-round] round_id=3 time_left=23016.9s
  [Round 3 END] UB=297 | K=316 | ceil(zLP)=53 | improved=False | fixed=False
[DBG-ENTER] round_id=4 elapsed=5663.1s time_left=23016.9s UB=297 K=316
[DBG] n=1000 m=449449 UB=297 K=316 lazy=True is_big=True lp_main_cap=60.0
  [LP] solve timed out under per-call cap=60.0s, time_left=22956.5s -> continue
[DBG-ENTER] round_id=5 elapsed=5723.5s time_left=22956.5s UB=297 K=316
[DBG] n=1000 m=449449 UB=297 K=316 lazy=True is_big=True lp_main_cap=60.0
  [LazyEdge] added=100000
[DBG-TL-round] round_id=5 time_left=22892.6s
[Round 5] zLP=53.000000 | ceil(zLP)=53 | K=316 | UB=297 | t=5787.36s
  [Fix] shrink to K=297 infeasible - rollback; keep K=316
  [Rounding] feasible=True | used=297 | conflicts=0
[LocalSearch] highest color class removed; colors now=297
[LocalSearch] highest color class removed; colors now=297
[LocalSearch] highest color class removed; colors now=297
[LocalSearch] highest color class removed; colors now=297
[LocalSearch] highest color class removed; colors now=297
  [Rounding] feasible=True | used=297 | conflicts=0
  [FixPolicy] sample x-gap min/max over first 10 picks: 1.000/1.000
  [FixPolicy] y_zero=263 | x_one=5 | x_zero=0 | strong_margin=0.25 | max_fix_per_round=10
  [FixApply] applying tokens=5 (x fixings only in prefix K)
  [FixApply] status=ROLLBACK
[DBG-TL-round] round_id=5 time_left=21036.9s
  [Round 5 END] UB=297 | K=316 | ceil(zLP)=53 | improved=False | fixed=False
[DBG-ENTER] round_id=6 elapsed=7643.1s time_left=21036.9s UB=297 K=316
[DBG] n=1000 m=449449 UB=297 K=316 lazy=True is_big=True lp_main_cap=60.0
  [LazyEdge] added=100000
[DBG-TL-round] round_id=6 time_left=20972.7s
[Round 6] zLP=53.000000 | ceil(zLP)=53 | K=316 | UB=297 | t=7707.30s
  [Fix] shrink to K=297 infeasible - rollback; keep K=316
  [Rounding] feasible=True | used=297 | conflicts=0
[LocalSearch] highest color class removed; colors now=297
[LocalSearch] highest color class removed; colors now=297
[LocalSearch] highest color class removed; colors now=297
[LocalSearch] highest color class removed; colors now=297
[LocalSearch] highest color class removed; colors now=297
  [Rounding] feasible=True | used=297 | conflicts=0
  [FixPolicy] sample x-gap min/max over first 10 picks: 1.000/1.000
  [FixPolicy] y_zero=263 | x_one=5 | x_zero=0 | strong_margin=0.25 | max_fix_per_round=10
  [FixApply] applying tokens=5 (x fixings only in prefix K)
  [FixApply] status=ROLLBACK
[DBG-TL-round] round_id=6 time_left=19110.2s
  [Round 6 END] UB=297 | K=316 | ceil(zLP)=53 | improved=False | fixed=False
[DBG-ENTER] round_id=7 elapsed=9569.8s time_left=19110.2s UB=297 K=316
[DBG] n=1000 m=449449 UB=297 K=316 lazy=True is_big=True lp_main_cap=60.0
  [LazyEdge] added=100000
[DBG-TL-round] round_id=7 time_left=19104.0s
[Round 7] zLP=53.000000 | ceil(zLP)=53 | K=316 | UB=297 | t=9576.03s
  [Fix] shrink to K=297 infeasible - rollback; keep K=316
  [Rounding] feasible=True | used=297 | conflicts=0
[LocalSearch] highest color class removed; colors now=297
[LocalSearch] highest color class removed; colors now=297
[LocalSearch] highest color class removed; colors now=297
[LocalSearch] highest color class removed; colors now=297
[LocalSearch] highest color class removed; colors now=297
  [Rounding] feasible=True | used=297 | conflicts=0
  [FixPolicy] sample x-gap min/max over first 10 picks: 1.000/1.000
  [FixPolicy] y_zero=263 | x_one=5 | x_zero=0 | strong_margin=0.25 | max_fix_per_round=10
  [FixApply] applying tokens=5 (x fixings only in prefix K)
  [FixApply] status=ROLLBACK
[DBG-TL-round] round_id=7 time_left=17249.7s
  [Round 7 END] UB=297 | K=316 | ceil(zLP)=53 | improved=False | fixed=False
[DBG-ENTER] round_id=8 elapsed=11430.3s time_left=17249.7s UB=297 K=316
[DBG] n=1000 m=449449 UB=297 K=316 lazy=True is_big=True lp_main_cap=60.0
  [LazyEdge] added=100000
[DBG-TL-round] round_id=8 time_left=17203.3s
[Round 8] zLP=53.000000 | ceil(zLP)=53 | K=316 | UB=297 | t=11476.66s
  [Fix] shrink to K=297 infeasible - rollback; keep K=316
  [Rounding] feasible=True | used=297 | conflicts=0
[LocalSearch] highest color class removed; colors now=297
[LocalSearch] highest color class removed; colors now=297
[LocalSearch] highest color class removed; colors now=297
[LocalSearch] highest color class removed; colors now=297
[LocalSearch] highest color class removed; colors now=297
  [Rounding] feasible=True | used=297 | conflicts=0
  [FixPolicy] sample x-gap min/max over first 10 picks: 1.000/1.000
  [FixPolicy] y_zero=263 | x_one=5 | x_zero=0 | strong_margin=0.25 | max_fix_per_round=10
  [FixApply] applying tokens=5 (x fixings only in prefix K)
  [FixApply] status=ROLLBACK
[DBG-TL-round] round_id=8 time_left=15343.5s
  [Round 8 END] UB=297 | K=316 | ceil(zLP)=53 | improved=False | fixed=False
[DBG-ENTER] round_id=9 elapsed=13336.5s time_left=15343.5s UB=297 K=316
[DBG] n=1000 m=449449 UB=297 K=316 lazy=True is_big=True lp_main_cap=60.0
  [LazyEdge] added=100000
[DBG-TL-round] round_id=9 time_left=15335.4s
[Round 9] zLP=53.000000 | ceil(zLP)=53 | K=316 | UB=297 | t=13344.56s
  [Fix] shrink to K=297 infeasible - rollback; keep K=316
  [Rounding] feasible=True | used=298 | conflicts=0
[LocalSearch] highest color class removed; colors now=298
[LocalSearch] highest color class removed; colors now=298
[LocalSearch] highest color class removed; colors now=298
[LocalSearch] highest color class removed; colors now=298
[LocalSearch] highest color class removed; colors now=298
  [Rounding] feasible=True | used=298 | conflicts=0
  [FixPolicy] sample x-gap min/max over first 10 picks: 1.000/1.000
  [FixPolicy] y_zero=263 | x_one=5 | x_zero=0 | strong_margin=0.25 | max_fix_per_round=10
  [FixApply] applying tokens=5 (x fixings only in prefix K)
  [FixApply] status=ROLLBACK
[DBG-TL-round] round_id=9 time_left=13465.7s
  [Round 9 END] UB=297 | K=316 | ceil(zLP)=53 | improved=False | fixed=False
[DBG-ENTER] round_id=10 elapsed=15214.3s time_left=13465.7s UB=297 K=316
[DBG] n=1000 m=449449 UB=297 K=316 lazy=True is_big=True lp_main_cap=60.0
  [LazyEdge] added=100000
[DBG-TL-round] round_id=10 time_left=13458.7s
[Round 10] zLP=53.000000 | ceil(zLP)=53 | K=316 | UB=297 | t=15221.27s
  [Fix] shrink to K=297 infeasible - rollback; keep K=316
  [Rounding] feasible=True | used=297 | conflicts=0
[LocalSearch] highest color class removed; colors now=297
[LocalSearch] highest color class removed; colors now=297
[LocalSearch] highest color class removed; colors now=297
[LocalSearch] highest color class removed; colors now=297
[LocalSearch] highest color class removed; colors now=297
  [Rounding] feasible=True | used=297 | conflicts=0
  [FixPolicy] sample x-gap min/max over first 10 picks: 1.000/1.000
  [FixPolicy] y_zero=263 | x_one=5 | x_zero=0 | strong_margin=0.25 | max_fix_per_round=10
  [FixApply] applying tokens=5 (x fixings only in prefix K)
  [FixApply] status=ROLLBACK
[DBG-TL-round] round_id=10 time_left=11600.2s
  [Round 10 END] UB=297 | K=316 | ceil(zLP)=53 | improved=False | fixed=False
[DBG-ENTER] round_id=11 elapsed=17079.8s time_left=11600.2s UB=297 K=316
[DBG] n=1000 m=449449 UB=297 K=316 lazy=True is_big=True lp_main_cap=60.0
  [LazyEdge] added=100000
[DBG-TL-round] round_id=11 time_left=11589.9s
[Round 11] zLP=53.000000 | ceil(zLP)=53 | K=316 | UB=297 | t=17090.06s
  [Fix] shrink to K=297 infeasible - rollback; keep K=316
  [Rounding] feasible=True | used=297 | conflicts=0
[LocalSearch] highest color class removed; colors now=297
[LocalSearch] highest color class removed; colors now=297
[LocalSearch] highest color class removed; colors now=297
[LocalSearch] highest color class removed; colors now=297
[LocalSearch] highest color class removed; colors now=297
  [Rounding] feasible=True | used=297 | conflicts=0
  [FixPolicy] sample x-gap min/max over first 10 picks: 1.000/1.000
  [FixPolicy] y_zero=263 | x_one=5 | x_zero=0 | strong_margin=0.25 | max_fix_per_round=10
  [FixApply] applying tokens=5 (x fixings only in prefix K)
  [FixApply] status=ROLLBACK
[DBG-TL-round] round_id=11 time_left=9733.1s
  [Round 11 END] UB=297 | K=316 | ceil(zLP)=53 | improved=False | fixed=False
[DBG-ENTER] round_id=12 elapsed=18946.9s time_left=9733.1s UB=297 K=316
[DBG] n=1000 m=449449 UB=297 K=316 lazy=True is_big=True lp_main_cap=60.0
  [LazyEdge] added=100000
[DBG-TL-round] round_id=12 time_left=9725.8s
[Round 12] zLP=53.000000 | ceil(zLP)=53 | K=316 | UB=297 | t=18954.24s
  [Fix] shrink to K=297 infeasible - rollback; keep K=316
  [Rounding] feasible=True | used=297 | conflicts=0
[LocalSearch] highest color class removed; colors now=297
[LocalSearch] highest color class removed; colors now=297
[LocalSearch] highest color class removed; colors now=297
[LocalSearch] highest color class removed; colors now=297
[LocalSearch] highest color class removed; colors now=297
  [Rounding] feasible=True | used=297 | conflicts=0
  [FixPolicy] sample x-gap min/max over first 10 picks: 1.000/1.000
  [FixPolicy] y_zero=263 | x_one=5 | x_zero=0 | strong_margin=0.25 | max_fix_per_round=10
  [FixApply] applying tokens=5 (x fixings only in prefix K)
  [FixApply] status=ROLLBACK
[DBG-TL-round] round_id=12 time_left=7863.3s
  [Round 12 END] UB=297 | K=316 | ceil(zLP)=53 | improved=False | fixed=False
[DBG-ENTER] round_id=13 elapsed=20816.7s time_left=7863.3s UB=297 K=316
[DBG] n=1000 m=449449 UB=297 K=316 lazy=True is_big=True lp_main_cap=60.0
  [LazyEdge] added=100000
[DBG-TL-round] round_id=13 time_left=7855.8s
[Round 13] zLP=53.000000 | ceil(zLP)=53 | K=316 | UB=297 | t=20824.20s
  [Fix] shrink to K=297 infeasible - rollback; keep K=316
  [Rounding] feasible=True | used=297 | conflicts=0
[LocalSearch] highest color class removed; colors now=297
[LocalSearch] highest color class removed; colors now=297
[LocalSearch] highest color class removed; colors now=297
[LocalSearch] highest color class removed; colors now=297
[LocalSearch] highest color class removed; colors now=297
  [Rounding] feasible=True | used=297 | conflicts=0
  [FixPolicy] sample x-gap min/max over first 10 picks: 1.000/1.000
  [FixPolicy] y_zero=263 | x_one=5 | x_zero=0 | strong_margin=0.25 | max_fix_per_round=10
  [FixApply] applying tokens=5 (x fixings only in prefix K)
  [FixApply] status=ROLLBACK
[DBG-TL-round] round_id=13 time_left=5995.9s
  [Round 13 END] UB=297 | K=316 | ceil(zLP)=53 | improved=False | fixed=False
[DBG-ENTER] round_id=14 elapsed=22684.1s time_left=5995.9s UB=297 K=316
[DBG] n=1000 m=449449 UB=297 K=316 lazy=True is_big=True lp_main_cap=60.0
  [LazyEdge] added=100000
[DBG-TL-round] round_id=14 time_left=5988.1s
[Round 14] zLP=53.000000 | ceil(zLP)=53 | K=316 | UB=297 | t=22691.85s
  [Fix] shrink to K=297 infeasible - rollback; keep K=316
  [Rounding] feasible=True | used=299 | conflicts=0
[LocalSearch] highest color class removed; colors now=298
[LocalSearch] highest color class removed; colors now=298
[LocalSearch] highest color class removed; colors now=298
[LocalSearch] highest color class removed; colors now=298
[LocalSearch] highest color class removed; colors now=298
  [Rounding] feasible=True | used=298 | conflicts=0
  [FixPolicy] sample x-gap min/max over first 10 picks: 1.000/1.000
  [FixPolicy] y_zero=263 | x_one=5 | x_zero=0 | strong_margin=0.25 | max_fix_per_round=10
  [FixApply] applying tokens=5 (x fixings only in prefix K)
  [FixApply] status=ROLLBACK
[DBG-TL-round] round_id=14 time_left=4075.1s
  [Round 14 END] UB=297 | K=316 | ceil(zLP)=53 | improved=False | fixed=False
[DBG-ENTER] round_id=15 elapsed=24604.9s time_left=4075.1s UB=297 K=316
[DBG] n=1000 m=449449 UB=297 K=316 lazy=True is_big=True lp_main_cap=60.0
  [LazyEdge] added=100000
[DBG-TL-round] round_id=15 time_left=4067.0s
[Round 15] zLP=53.000000 | ceil(zLP)=53 | K=316 | UB=297 | t=24612.95s
  [Fix] shrink to K=297 infeasible - rollback; keep K=316
  [Rounding] feasible=True | used=297 | conflicts=0
[LocalSearch] highest color class removed; colors now=297
[LocalSearch] highest color class removed; colors now=297
[LocalSearch] highest color class removed; colors now=297
[LocalSearch] highest color class removed; colors now=297
[LocalSearch] highest color class removed; colors now=297
  [Rounding] feasible=True | used=297 | conflicts=0
  [FixPolicy] sample x-gap min/max over first 10 picks: 1.000/1.000
  [FixPolicy] y_zero=263 | x_one=5 | x_zero=0 | strong_margin=0.25 | max_fix_per_round=10
  [FixApply] applying tokens=5 (x fixings only in prefix K)
  [FixApply] status=ROLLBACK
[DBG-TL-round] round_id=15 time_left=2122.7s
  [Round 15 END] UB=297 | K=316 | ceil(zLP)=53 | improved=False | fixed=False
[DBG-ENTER] round_id=16 elapsed=26557.3s time_left=2122.7s UB=297 K=316
[DBG] n=1000 m=449449 UB=297 K=316 lazy=True is_big=True lp_main_cap=60.0
  [LazyEdge] added=100000
[DBG-TL-round] round_id=16 time_left=2114.9s
[Round 16] zLP=53.000000 | ceil(zLP)=53 | K=316 | UB=297 | t=26565.13s
  [Fix] shrink to K=297 infeasible - rollback; keep K=316
  [Rounding] feasible=True | used=297 | conflicts=0
[LocalSearch] highest color class removed; colors now=297
[LocalSearch] highest color class removed; colors now=297
[LocalSearch] highest color class removed; colors now=297
[LocalSearch] highest color class removed; colors now=297
[LocalSearch] highest color class removed; colors now=297
  [Rounding] feasible=True | used=297 | conflicts=0
  [FixPolicy] sample x-gap min/max over first 10 picks: 1.000/1.000
  [FixPolicy] y_zero=263 | x_one=5 | x_zero=0 | strong_margin=0.25 | max_fix_per_round=10
  [FixApply] applying tokens=5 (x fixings only in prefix K)
  [FixApply] status=ROLLBACK
[DBG-TL-round] round_id=16 time_left=179.6s
  [Round 16 END] UB=297 | K=316 | ceil(zLP)=53 | improved=False | fixed=False
[DBG-ENTER] round_id=17 elapsed=28500.4s time_left=179.6s UB=297 K=316
[DBG] n=1000 m=449449 UB=297 K=316 lazy=True is_big=True lp_main_cap=60.0
  [LazyEdge] added=100000
[DBG-TL-round] round_id=17 time_left=171.5s
[Round 17] zLP=53.000000 | ceil(zLP)=53 | K=316 | UB=297 | t=28508.48s
  [Fix] shrink to K=297 infeasible - rollback; keep K=316
[Time] budget exhausted at after_rounding, UB=297
[DBG-EXIT] elapsed=28693.3s time_left=-13.3s stop_reason=time_limit
[Final] UB=297 LB=53 feasible=True zLP≈53.000000
[Runner] wrote runs -> /home/ta32xoy/masterarbeit/results/time_DSJC1000.9_iterlp_seed2_runs_3098059.csv
[Runner] wrote summary -> /home/ta32xoy/masterarbeit/results/time_DSJC1000.9_iterlp_seed2_summary_3098059.csv
[INFO] End   Sun Feb  1 11:41:10 AM CET 2026
[INFO] WallClockSec=28699
[INFO] runner.py exit code=0
-rw------- 1 ta32xoy unijena 483 Feb  1 11:41 /home/ta32xoy/masterarbeit/results/time_DSJC1000.9_iterlp_seed2_runs_3098059.csv
-rw------- 1 ta32xoy unijena 130 Feb  1 11:41 /home/ta32xoy/masterarbeit/results/time_DSJC1000.9_iterlp_seed2_summary_3098059.csv
[INFO] Tail runs.csv:
instance,family,n,m,density,avg_deg,algo,algo_seed,time_limit_sec,init_heuristic,fix_policy,strong_margin,max_fix_per_round,restarts,perturb_y,ablation,LB,UB,gap,feasible,conflicts,runtime_sec,iters,stop_reason,best_time_sec,best_round,status,last_update_ts,error
DSJC1000.9,dimacs,1000,449449,0.8997977977977978,898.898,iterlp2_full,2,28680,smallest_last,prefix_shrink+rounded_support,0.25,10,32,1e-06,full,53,297,244,True,0,28694.19430503249,15,time_limit,0.0,0,done,1769942470,
[INFO] Tail summary.csv:
instance,algo,runs,UB_min,UB_mean,runtime_mean_sec,best_time_mean_sec
DSJC1000.9,iterlp2_full,1,297,297.0,28694.19430503249,0.0
