srun: Step created for StepId=3079254.1
srun: Step created for StepId=3079254.2
srun: Step created for StepId=3079254.3
srun: Job 3079254 step creation still disabled, retrying (Requested nodes are busy)
srun: Job 3079254 step creation temporarily disabled, retrying (Requested nodes are busy)
srun: Job 3079254 step creation still disabled, retrying (Requested nodes are busy)
srun: Job 3079254 step creation still disabled, retrying (Requested nodes are busy)
srun: Job 3079254 step creation still disabled, retrying (Requested nodes are busy)
srun: Job 3079254 step creation still disabled, retrying (Requested nodes are busy)
srun: Job 3079254 step creation still disabled, retrying (Requested nodes are busy)
srun: Step created for StepId=3079254.4
srun: Step created for StepId=3079254.5
srun: Job 3079254 step creation temporarily disabled, retrying (Requested nodes are busy)
srun: Job 3079254 step creation still disabled, retrying (Requested nodes are busy)
srun: Job 3079254 step creation still disabled, retrying (Requested nodes are busy)
srun: Job 3079254 step creation still disabled, retrying (Requested nodes are busy)
srun: Job 3079254 step creation still disabled, retrying (Requested nodes are busy)
srun: Job 3079254 step creation still disabled, retrying (Requested nodes are busy)
srun: Job 3079254 step creation still disabled, retrying (Requested nodes are busy)
srun: Job 3079254 step creation still disabled, retrying (Requested nodes are busy)
srun: Job 3079254 step creation still disabled, retrying (Requested nodes are busy)
srun: Job 3079254 step creation still disabled, retrying (Requested nodes are busy)
srun: Job 3079254 step creation still disabled, retrying (Requested nodes are busy)
srun: Job 3079254 step creation still disabled, retrying (Requested nodes are busy)
srun: Job 3079254 step creation still disabled, retrying (Requested nodes are busy)
srun: Job 3079254 step creation still disabled, retrying (Requested nodes are busy)
srun: Job step aborted: Waiting up to 32 seconds for job step to finish.
srun: error: Unable to create step for job 3079254: Job/step already completing or completed
srun: error: Unable to create step for job 3079254: Job/step already completing or completed
srun: error: Unable to create step for job 3079254: Job/step already completing or completed
srun: error: Unable to create step for job 3079254: Job/step already completing or completed
srun: error: Unable to create step for job 3079254: Job/step already completing or completed
srun: error: Unable to create step for job 3079254: Job/step already completing or completed
srun: error: Unable to create step for job 3079254: Job/step already completing or completed
slurmstepd: error: *** JOB 3079254 ON node172 CANCELLED AT 2026-01-18T03:53:26 ***
slurmstepd: error: *** STEP 3079254.5 ON node172 CANCELLED AT 2026-01-18T03:53:26 ***
