srun: Step created for StepId=3079253.1
srun: Step created for StepId=3079253.2
srun: Step created for StepId=3079253.3
srun: Job 3079253 step creation still disabled, retrying (Requested nodes are busy)
srun: Job 3079253 step creation still disabled, retrying (Requested nodes are busy)
srun: Job 3079253 step creation still disabled, retrying (Requested nodes are busy)
srun: Job 3079253 step creation still disabled, retrying (Requested nodes are busy)
srun: Job 3079253 step creation temporarily disabled, retrying (Requested nodes are busy)
srun: Job 3079253 step creation still disabled, retrying (Requested nodes are busy)
srun: Job 3079253 step creation still disabled, retrying (Requested nodes are busy)
srun: Step created for StepId=3079253.4
srun: error: Unable to create step for job 3079253: Job/step already completing or completed
srun: error: Unable to create step for job 3079253: Job/step already completing or completed
srun: error: Unable to create step for job 3079253: Job/step already completing or completed
srun: error: Unable to create step for job 3079253: Job/step already completing or completed
srun: error: Unable to create step for job 3079253: Job/step already completing or completed
srun: error: Unable to create step for job 3079253: Job/step already completing or completed
srun: error: Unable to create step for job 3079253: Job/step already completing or completed
srun: Job step aborted: Waiting up to 32 seconds for job step to finish.
slurmstepd: error: *** JOB 3079253 ON node172 CANCELLED AT 2026-01-18T03:44:38 ***
slurmstepd: error: *** STEP 3079253.4 ON node172 CANCELLED AT 2026-01-18T03:44:38 ***
