srun: warning: can't run 1 processes on 2 nodes, setting nnodes to 1
srun: warning: can't run 1 processes on 2 nodes, setting nnodes to 1
srun: warning: can't run 1 processes on 2 nodes, setting nnodes to 1
srun: warning: can't run 1 processes on 2 nodes, setting nnodes to 1
srun: warning: can't run 1 processes on 2 nodes, setting nnodes to 1
srun: Step created for StepId=3079251.2
srun: Step created for StepId=3079251.3
srun: Step created for StepId=3079251.4
srun: warning: can't run 1 processes on 2 nodes, setting nnodes to 1
srun: warning: can't run 1 processes on 2 nodes, setting nnodes to 1
srun: warning: can't run 1 processes on 2 nodes, setting nnodes to 1
srun: warning: can't run 1 processes on 2 nodes, setting nnodes to 1
srun: warning: can't run 1 processes on 2 nodes, setting nnodes to 1
srun: Job 3079251 step creation temporarily disabled, retrying (Requested nodes are busy)
srun: Job 3079251 step creation temporarily disabled, retrying (Requested nodes are busy)
srun: Job 3079251 step creation temporarily disabled, retrying (Requested nodes are busy)
srun: Step created for StepId=3079251.7
srun: Step created for StepId=3079251.8
srun: Step created for StepId=3079251.9
srun: warning: can't run 1 processes on 2 nodes, setting nnodes to 1
srun: warning: can't run 1 processes on 2 nodes, setting nnodes to 1
srun: warning: can't run 1 processes on 2 nodes, setting nnodes to 1
srun: warning: can't run 1 processes on 2 nodes, setting nnodes to 1
srun: warning: can't run 1 processes on 2 nodes, setting nnodes to 1
srun: Job 3079251 step creation temporarily disabled, retrying (Requested nodes are busy)
srun: Job 3079251 step creation temporarily disabled, retrying (Requested nodes are busy)
srun: Job 3079251 step creation temporarily disabled, retrying (Requested nodes are busy)
srun: Job 3079251 step creation still disabled, retrying (Requested nodes are busy)
srun: Job 3079251 step creation still disabled, retrying (Requested nodes are busy)
srun: Job 3079251 step creation still disabled, retrying (Requested nodes are busy)
srun: Job 3079251 step creation still disabled, retrying (Requested nodes are busy)
srun: Job 3079251 step creation still disabled, retrying (Requested nodes are busy)
srun: Job 3079251 step creation still disabled, retrying (Requested nodes are busy)
srun: Job 3079251 step creation still disabled, retrying (Requested nodes are busy)
srun: Job 3079251 step creation still disabled, retrying (Requested nodes are busy)
srun: Job 3079251 step creation still disabled, retrying (Requested nodes are busy)
srun: Job 3079251 step creation still disabled, retrying (Requested nodes are busy)
srun: Job 3079251 step creation still disabled, retrying (Requested nodes are busy)
srun: Job 3079251 step creation still disabled, retrying (Requested nodes are busy)
srun: Job 3079251 step creation still disabled, retrying (Requested nodes are busy)
srun: Job 3079251 step creation still disabled, retrying (Requested nodes are busy)
srun: Job 3079251 step creation still disabled, retrying (Requested nodes are busy)
slurmstepd: error: Detected 1 oom_kill event in StepId=3079251.11. Some of the step tasks have been OOM Killed.
srun: error: node195: task 0: Out Of Memory
slurmstepd: error: Detected 1 oom_kill event in StepId=3079251.10. Some of the step tasks have been OOM Killed.
srun: error: node194: task 0: Out Of Memory
srun: Step created for StepId=3079251.12
srun: Step created for StepId=3079251.13
srun: Job 3079251 step creation still disabled, retrying (Requested nodes are busy)
srun: Job step aborted: Waiting up to 32 seconds for job step to finish.
srun: error: Unable to create step for job 3079251: Job/step already completing or completed
srun: Job step aborted: Waiting up to 32 seconds for job step to finish.
slurmstepd: error: *** STEP 3079251.13 ON node195 CANCELLED AT 2026-01-18T03:39:38 ***
slurmstepd: error: *** JOB 3079251 ON node194 CANCELLED AT 2026-01-18T03:39:38 ***
slurmstepd: error: *** STEP 3079251.12 ON node194 CANCELLED AT 2026-01-18T03:39:38 ***
