[Graph] demo |V|=100 |E|=2444
[Main] algo=iterlp2 | time=100s | seed=0 | init=smallest_last | fix-policy=prefix_shrink+rounded_support | restarts=2 | perturb-y=0.001
[Baseline/DSATUR] colors=19 | time=0.0158s | feasible=True | conflicts=0
[Init] graph: |V|=100 |E|=2444 |LB|=6 |UB(init)|=20 |K|=20 via smallest_last
[Init] LB=6 | UB(init:smallest_last)=20
[LP] model built once (incremental), initial |C|=20 (K=20) with precedence & clique-cuts
[Round 1] zLP=7.000000 | ceil(zLP)=7 | K=20 | UB=20 | t=2.06s
  [Fix] shrink to K=19 infeasible - rollback; keep K=20
  [Rounding] feasible=True | used=20 | conflicts=0
[LocalSearch] highest color class removed; colors now=19
[LocalSearch] highest color class removed; colors now=19
[LocalSearch] highest color class removed; colors now=19
[LocalSearch] highest color class removed; colors now=19
[LocalSearch] highest color class removed; colors now=19
  [Rounding/Local] improved UB -> 19
  [Rounding] feasible=True | used=19 | conflicts=0
  [Side] skip: K+1=21 exceeds current UB=19
  [FixPolicy] sample x-gap min/max over first 10 picks: 1.000/1.000
  [FixPolicy] y_zero=13 | x_one=2 | x_zero=0 | strong_margin=0.25 | max_fix_per_round=5
  [FixApply] applying tokens=2 (x fixings only in prefix K)
  [FixApply] status=ROLLBACK
  [Round 1 END] UB=19 | K=20 | ceil(zLP)=7 | improved=True | fixed=False
[Round 2] zLP=7.000000 | ceil(zLP)=7 | K=20 | UB=19 | t=5.85s
  [Fix] shrink to K=18 infeasible - rollback; keep K=20
  [Rounding] feasible=True | used=17 | conflicts=0
[LocalSearch] highest color class removed; colors now=17
[LocalSearch] highest color class removed; colors now=17
[LocalSearch] highest color class removed; colors now=17
[LocalSearch] highest color class removed; colors now=17
[LocalSearch] highest color class removed; colors now=17
  [Rounding/Local] improved UB -> 17
  [Rounding] feasible=True | used=17 | conflicts=0
  [Side] skip: K+1=21 exceeds current UB=17
  [FixPolicy] sample x-gap min/max over first 10 picks: 1.000/1.000
  [FixPolicy] y_zero=13 | x_one=2 | x_zero=0 | strong_margin=0.25 | max_fix_per_round=5
  [FixApply] applying tokens=2 (x fixings only in prefix K)
  [FixApply] status=ROLLBACK
  [Round 2 END] UB=17 | K=20 | ceil(zLP)=7 | improved=True | fixed=False
[Round 3] zLP=7.000000 | ceil(zLP)=7 | K=20 | UB=17 | t=9.56s
  [Fix] shrink to K=16 infeasible - rollback; keep K=20
  [Rounding] feasible=True | used=18 | conflicts=0
[LocalSearch] highest color class removed; colors now=18
[LocalSearch] highest color class removed; colors now=18
[LocalSearch] highest color class removed; colors now=18
[LocalSearch] highest color class removed; colors now=18
[LocalSearch] highest color class removed; colors now=18
  [Rounding] feasible=True | used=18 | conflicts=0
  [Side] skip: K+1=21 exceeds current UB=17
  [FixPolicy] sample x-gap min/max over first 10 picks: 1.000/1.000
  [FixPolicy] y_zero=13 | x_one=2 | x_zero=0 | strong_margin=0.25 | max_fix_per_round=5
  [FixApply] applying tokens=2 (x fixings only in prefix K)
  [FixApply] status=ROLLBACK
  [Round 3 END] UB=17 | K=20 | ceil(zLP)=7 | improved=False | fixed=False
[Round 4] zLP=7.000000 | ceil(zLP)=7 | K=20 | UB=17 | t=12.82s
  [Fix] shrink to K=16 infeasible - rollback; keep K=20
  [Rounding] feasible=True | used=20 | conflicts=0
[LocalSearch] highest color class removed; colors now=20
[LocalSearch] highest color class removed; colors now=20
[LocalSearch] highest color class removed; colors now=20
[LocalSearch] highest color class removed; colors now=20
[LocalSearch] highest color class removed; colors now=20
  [Rounding] feasible=True | used=20 | conflicts=0
  [Side] skip: K+1=21 exceeds current UB=17
  [FixPolicy] sample x-gap min/max over first 10 picks: 1.000/1.000
  [FixPolicy] y_zero=13 | x_one=2 | x_zero=0 | strong_margin=0.25 | max_fix_per_round=5
  [FixApply] applying tokens=2 (x fixings only in prefix K)
  [FixApply] status=ROLLBACK
  [Round 4 END] UB=17 | K=20 | ceil(zLP)=7 | improved=False | fixed=False
[Round 5] zLP=7.000000 | ceil(zLP)=7 | K=20 | UB=17 | t=18.47s
  [Fix] shrink to K=16 infeasible - rollback; keep K=20
  [Rounding] feasible=True | used=18 | conflicts=0
[LocalSearch] highest color class removed; colors now=18
[LocalSearch] highest color class removed; colors now=18
[LocalSearch] highest color class removed; colors now=18
[LocalSearch] highest color class removed; colors now=18
[LocalSearch] highest color class removed; colors now=18
  [Rounding] feasible=True | used=18 | conflicts=0
  [Side] skip: K+1=21 exceeds current UB=17
  [FixPolicy] sample x-gap min/max over first 10 picks: 1.000/1.000
  [FixPolicy] y_zero=13 | x_one=2 | x_zero=0 | strong_margin=0.25 | max_fix_per_round=5
  [FixApply] applying tokens=2 (x fixings only in prefix K)
  [FixApply] status=ROLLBACK
  [Round 5 END] UB=17 | K=20 | ceil(zLP)=7 | improved=False | fixed=False
[Final] UB=17 LB=6 feasible=True zLP≈7.000000
[Compare] DSATUR colors=19 vs IterLP2 colors=17  → IterLP2 better (Δ=2)
[Compare] DSATUR time=0.0158s | IterLP2 time=24.5414s | stop=time_limit
[Main] Done. stop_reason=time_limit | LB=6 | UB=17 | iters=5
