[Graph] demo |V|=300 |E|=35918
[Main] algo=iterlp2 | time=1000s | seed=0 | init=smallest_last | fix-policy=prefix_shrink | restarts=8 | perturb-y=0.001
[Baseline/DSATUR] colors=84 | time=0.5333s | feasible=True | conflicts=0
[Init] graph: |V|=300 |E|=35918 |LB|=24 |UB(init)|=89 |K|=89 via smallest_last
[Init] LB=24 | UB(init:smallest_last)=89
[LP] model built once (incremental), initial |C|=89 (K=89) with precedence & clique-cuts
[DBG] n=300 m=35918 UB=89 K=89 lazy=True is_big=True lp_main_cap=6.0
  [LazyEdge] added=30434
  [LazyEdge] added=30437
  [LazyEdge] added=30225
  [LazyEdge] added=30227
  [LazyEdge] added=30228
[Round 1] zLP=24.000000 | ceil(zLP)=24 | K=89 | UB=89 | t=5.89s
  [Rounding] feasible=True | used=84 | conflicts=0
[LocalSearch] highest color class removed; colors now=84
[LocalSearch] highest color class removed; colors now=84
[LocalSearch] highest color class removed; colors now=84
[LocalSearch] highest color class removed; colors now=84
[LocalSearch] highest color class removed; colors now=84
  [Rounding/Local] improved UB -> 84
  [Sync] K aligned to new UB: K=84
  [Rounding] feasible=True | used=84 | conflicts=0
  [FixPolicy] y_zero=60 | x_one=0 | x_zero=0 | strong_margin=0.35 | max_fix_per_round=10
  [Round 1 END] UB=84 | K=84 | ceil(zLP)=24 | improved=True | fixed=False
[DBG] n=300 m=35918 UB=84 K=84 lazy=True is_big=True lp_main_cap=3.0
  [LazyEdge] added=30228
  [LazyEdge] added=30228
[Round 2] zLP=24.000000 | ceil(zLP)=24 | K=84 | UB=84 | t=13.79s
  [Rounding] feasible=False | used=84 | conflicts=3
  [LazyEdge-Conflicts] added=0
  [Side] trying K+1 rounding (K=84 - 85) to break stalemate
  [Side] skip: K+1=85 exceeds current UB=84
  [Rounding] feasible=False | used=84 | conflicts=3
  [FixPolicy] y_zero=60 | x_one=0 | x_zero=0 | strong_margin=0.35 | max_fix_per_round=10
  [Round 2 END] UB=84 | K=84 | ceil(zLP)=24 | improved=False | fixed=False
[DBG] n=300 m=35918 UB=84 K=84 lazy=True is_big=True lp_main_cap=3.0
  [LazyEdge] added=27536
[Round 3] zLP=24.000000 | ceil(zLP)=24 | K=84 | UB=84 | t=106.62s
  [Rounding] feasible=True | used=80 | conflicts=0
[LocalSearch] highest color class removed; colors now=80
[LocalSearch] highest color class removed; colors now=80
[LocalSearch] highest color class removed; colors now=80
[LocalSearch] highest color class removed; colors now=80
[LocalSearch] highest color class removed; colors now=80
  [Rounding/Local] improved UB -> 80
  [Rounding] feasible=True | used=80 | conflicts=0
  [FixPolicy] y_zero=60 | x_one=0 | x_zero=0 | strong_margin=0.35 | max_fix_per_round=10
  [Round 3 END] UB=80 | K=84 | ceil(zLP)=24 | improved=True | fixed=False
[DBG] n=300 m=35918 UB=80 K=84 lazy=True is_big=True lp_main_cap=3.0
  [LazyEdge] added=12234
[Round 4] zLP=24.000000 | ceil(zLP)=24 | K=84 | UB=80 | t=115.30s
  [Fix] shrink to K=80 infeasible - rollback; keep K=84
  [Rounding] feasible=True | used=80 | conflicts=0
[LocalSearch] highest color class removed; colors now=80
[LocalSearch] highest color class removed; colors now=80
[LocalSearch] highest color class removed; colors now=80
[LocalSearch] highest color class removed; colors now=80
[LocalSearch] highest color class removed; colors now=80
  [Rounding] feasible=True | used=80 | conflicts=0
  [FixPolicy] y_zero=60 | x_one=0 | x_zero=0 | strong_margin=0.35 | max_fix_per_round=10
  [Round 4 END] UB=80 | K=84 | ceil(zLP)=24 | improved=False | fixed=False
[DBG] n=300 m=35918 UB=80 K=84 lazy=True is_big=True lp_main_cap=3.0
[Final] UB=80 LB=24 feasible=True zLP≈24.000000
[Compare] DSATUR colors=84 vs IterLP2 colors=80  → IterLP2 better (Δ=4)
[Compare] DSATUR time=0.5333s | IterLP2 time=124.7790s | stop=time_limit
[Main] Done. stop_reason=time_limit | LB=24 | UB=80 | iters=4
