[Graph] demo |V|=100 |E|=2444
[Main] algo=iterlp2 | time=10s | seed=0 | init=smallest_last | fix-policy=prefix_shrink+rounded_support | restarts=2 | perturb-y=0.001
[Baseline/DSATUR] colors=19 | time=0.0161s | feasible=True | conflicts=0
[Init] graph: |V|=100 |E|=2444 |LB|=6 |UB(init)|=20 |K|=20 via smallest_last
[Init] LB=6 | UB(init:smallest_last)=20
[LP] model built once (incremental), initial |C|=20 (K=20) with precedence & clique-cuts
[Round 1] zLP=6.500000 | ceil(zLP)=7 | K=20 | UB=20 | t=1.10s
  [Fix] set K to UB-1: 19 -> 19 (lb_lp=7, UB=20)
  [Rounding] feasible=True | used=17 | conflicts=0
[LocalSearch] highest color class removed; colors now=17
[LocalSearch] highest color class removed; colors now=17
[LocalSearch] highest color class removed; colors now=17
[LocalSearch] highest color class removed; colors now=17
[LocalSearch] highest color class removed; colors now=17
  [Rounding/Local] improved UB -> 17
  [Sync] K aligned to new UB: K=17
  [Rounding] feasible=True | used=17 | conflicts=0
  [Side] skip: K+1=18 exceeds current UB=17
  [FixPolicy] sample x-gap min/max over first 10 picks: 1.000/1.000
  [FixPolicy] y_zero=11 | x_one=2 | x_zero=0 | strong_margin=0.25 | max_fix_per_round=5
  [FixApply] applying tokens=2 (x fixings only in prefix K)
  [FixApply] status=OK
  [After-Fix Rounding] feasible=False | used=17 | conflicts=3
  [Round 1 END] UB=17 | K=17 | ceil(zLP)=7 | improved=True | fixed=True
[Round 2] zLP=6.500000 | ceil(zLP)=7 | K=17 | UB=17 | t=2.47s
  [Fix] set K to UB-1: 16 -> 16 (lb_lp=7, UB=17)
  [Rounding] feasible=False | used=16 | conflicts=9
  [Side] trying K+1 rounding (K=16 - 17) to break stalemate
[LocalSearch] highest color class removed; colors now=17
[LocalSearch] highest color class removed; colors now=17
[LocalSearch] highest color class removed; colors now=17
  [Side] feasible but not better (used=17 ≥ UB=17)
  [Rounding] feasible=False | used=16 | conflicts=9
[LocalSearch] highest color class removed; colors now=17
[LocalSearch] highest color class removed; colors now=17
[LocalSearch] highest color class removed; colors now=17
  [Side] feasible but not better (used=17 ≥ UB=17)
  [PackWindow] UB==K+1 (UB=17, K=16) - attempt LP-guided pack and UB-1 greedy
  [LP-guided pack] trying to empty highest color K=16 (only active if UB==K+1)
  [LP-guided pack] no full emptying of highest color — no UB reduction
  [UB-1 greedy] attempting to fold top color class graphically
  [UB-1 greedy] feasible but not better (used=17 >= UB=17)
  [FixPolicy] y_zero=10 | x_one=0 | x_zero=0 | strong_margin=0.25 | max_fix_per_round=5
  [Round 2 END] UB=17 | K=16 | ceil(zLP)=7 | improved=False | fixed=True
[Round 3] zLP=6.500000 | ceil(zLP)=7 | K=16 | UB=17 | t=5.28s
  [Rounding] feasible=False | used=16 | conflicts=14
  [Side] trying K+1 rounding (K=16 - 17) to break stalemate
[LocalSearch] highest color class removed; colors now=17
[LocalSearch] highest color class removed; colors now=17
[LocalSearch] highest color class removed; colors now=17
  [Side] feasible but not better (used=17 ≥ UB=17)
  [Rounding] feasible=False | used=16 | conflicts=14
[LocalSearch] highest color class removed; colors now=17
[LocalSearch] highest color class removed; colors now=17
[LocalSearch] highest color class removed; colors now=17
  [Side] feasible but not better (used=17 ≥ UB=17)
  [PackWindow] UB==K+1 (UB=17, K=16) - attempt LP-guided pack and UB-1 greedy
  [LP-guided pack] trying to empty highest color K=16 (only active if UB==K+1)
  [LP-guided pack] no full emptying of highest color — no UB reduction
  [UB-1 greedy] attempting to fold top color class graphically
  [UB-1 greedy] feasible but not better (used=17 >= UB=17)
  [FixPolicy] y_zero=10 | x_one=0 | x_zero=0 | strong_margin=0.25 | max_fix_per_round=5
  [Round 3 END] UB=17 | K=16 | ceil(zLP)=7 | improved=False | fixed=False
[Round 4] zLP=6.500000 | ceil(zLP)=7 | K=16 | UB=17 | t=6.73s
  [Rounding] feasible=False | used=16 | conflicts=9
  [Side] trying K+1 rounding (K=16 - 17) to break stalemate
[LocalSearch] highest color class removed; colors now=17
[LocalSearch] highest color class removed; colors now=17
[LocalSearch] highest color class removed; colors now=17
  [Side] feasible but not better (used=17 ≥ UB=17)
  [Rounding] feasible=False | used=16 | conflicts=9
[LocalSearch] highest color class removed; colors now=17
[LocalSearch] highest color class removed; colors now=17
[LocalSearch] highest color class removed; colors now=17
  [Side] feasible but not better (used=17 ≥ UB=17)
  [PackWindow] UB==K+1 (UB=17, K=16) - attempt LP-guided pack and UB-1 greedy
  [LP-guided pack] trying to empty highest color K=16 (only active if UB==K+1)
  [LP-guided pack] no full emptying of highest color — no UB reduction
  [UB-1 greedy] attempting to fold top color class graphically
  [UB-1 greedy] feasible but not better (used=17 >= UB=17)
  [FixPolicy] y_zero=10 | x_one=0 | x_zero=0 | strong_margin=0.25 | max_fix_per_round=5
  [Round 4 END] UB=17 | K=16 | ceil(zLP)=7 | improved=False | fixed=False
[Round 5] zLP=6.500000 | ceil(zLP)=7 | K=16 | UB=17 | t=9.48s
[Time] budget exhausted at after_rounding, UB=17
[Final] UB=17 LB=6 feasible=True zLP≈6.500000
[Compare] DSATUR colors=19 vs IterLP2 colors=17  → IterLP2 better (Δ=2)
[Compare] DSATUR time=0.0161s | IterLP2 time=10.2074s | stop=time_limit
[Main] Done. stop_reason=time_limit | LB=6 | UB=17 | iters=4
