[INFO] Start Fri Jan 30 11:39:14 PM CET 2026
[INFO] Instance=DSJC1000.9.col seed=2 algo=iterlp2_full TL=28800s (soft=28680s)
[INFO] Outputs:
  /home/ta32xoy/masterarbeit/results/time_DSJC1000.9_iterlp_seed2_runs_3097829.csv
  /home/ta32xoy/masterarbeit/results/time_DSJC1000.9_iterlp_seed2_summary_3097829.csv
[INFO] runner path: /home/ta32xoy/masterarbeit/runner.py
[INFO] runner md5: 84431bb375b9ff2ed1e759e18f46fbfc  /home/ta32xoy/masterarbeit/runner.py
[Runner] path=/home/ta32xoy/masterarbeit/runner.py md5=84431bb375b9ff2ed1e759e18f46fbfc
[Runner] instances=1 algos=1 algo_seeds=[2] time_limit=28680s
[Init] graph: |V|=1000 |E|=449449 |LB|=53 |UB(init)|=316 |K|=316 via smallest_last
[Init] LB=53 | UB(init:smallest_last)=316
[LP] model built once (incremental), initial |C|=316 (K=316) with precedence & clique-cuts
[DBG] n=1000 m=449449 UB=316 K=316 lazy=True is_big=True lp_main_cap=6.0
  [LazyEdge] added=100000
[Round 1] zLP=53.000000 | ceil(zLP)=53 | K=316 | UB=316 | t=15.17s
  [Rounding] feasible=True | used=297 | conflicts=0
[LocalSearch] highest color class removed; colors now=297
[LocalSearch] highest color class removed; colors now=297
[LocalSearch] highest color class removed; colors now=297
[LocalSearch] highest color class removed; colors now=297
[LocalSearch] highest color class removed; colors now=297
  [Rounding/Local] improved UB -> 297
  [Rounding] feasible=True | used=297 | conflicts=0
  [FixPolicy] sample x-gap min/max over first 10 picks: 1.000/1.000
  [FixPolicy] y_zero=263 | x_one=5 | x_zero=0 | strong_margin=0.3 | max_fix_per_round=10
  [FixApply] applying tokens=5 (x fixings only in prefix K)
  [FixApply] status=ROLLBACK
  [Round 1 END] UB=297 | K=316 | ceil(zLP)=53 | improved=True | fixed=False
[DBG] n=1000 m=449449 UB=297 K=316 lazy=True is_big=True lp_main_cap=3.0
  [LazyEdge] added=100000
[Round 2] zLP=53.000000 | ceil(zLP)=53 | K=316 | UB=297 | t=760.31s
  [Fix] shrink to K=297 infeasible - rollback; keep K=316
  [Rounding] feasible=True | used=299 | conflicts=0
[LocalSearch] highest color class removed; colors now=299
[LocalSearch] highest color class removed; colors now=299
[LocalSearch] highest color class removed; colors now=299
[LocalSearch] highest color class removed; colors now=299
[LocalSearch] highest color class removed; colors now=299
  [Rounding] feasible=True | used=299 | conflicts=0
  [FixPolicy] sample x-gap min/max over first 10 picks: 1.000/1.000
  [FixPolicy] y_zero=263 | x_one=5 | x_zero=0 | strong_margin=0.3 | max_fix_per_round=10
  [FixApply] applying tokens=5 (x fixings only in prefix K)
  [FixApply] status=ROLLBACK
  [Round 2 END] UB=297 | K=316 | ceil(zLP)=53 | improved=False | fixed=False
[DBG] n=1000 m=449449 UB=297 K=316 lazy=True is_big=True lp_main_cap=3.0
[Final] UB=297 LB=53 feasible=True zLP≈53.000000
[Runner] wrote runs -> /home/ta32xoy/masterarbeit/results/time_DSJC1000.9_iterlp_seed2_runs_3097829.csv
[Runner] wrote summary -> /home/ta32xoy/masterarbeit/results/time_DSJC1000.9_iterlp_seed2_summary_3097829.csv
[INFO] End   Sat Jan 31 12:04:11 AM CET 2026
[INFO] WallClockSec=1497
[INFO] runner.py exit code=0
-rw------- 1 ta32xoy unijena 483 Jan 31 00:04 /home/ta32xoy/masterarbeit/results/time_DSJC1000.9_iterlp_seed2_runs_3097829.csv
-rw------- 1 ta32xoy unijena 131 Jan 31 00:04 /home/ta32xoy/masterarbeit/results/time_DSJC1000.9_iterlp_seed2_summary_3097829.csv
[INFO] Tail runs.csv:
instance,family,n,m,density,avg_deg,algo,algo_seed,time_limit_sec,init_heuristic,fix_policy,strong_margin,max_fix_per_round,restarts,perturb_y,ablation,LB,UB,gap,feasible,conflicts,runtime_sec,iters,stop_reason,best_time_sec,best_round,status,last_update_ts,error
DSJC1000.9,dimacs,1000,449449,0.8997977977977978,898.898,iterlp2_full,2,28680,smallest_last,prefix_shrink+rounded_support,0.25,10,32,1e-06,full,53,297,244,True,0,1491.7745384424925,2,time_limit,0.0,0,done,1769814251,
[INFO] Tail summary.csv:
instance,algo,runs,UB_min,UB_mean,runtime_mean_sec,best_time_mean_sec
DSJC1000.9,iterlp2_full,1,297,297.0,1491.7745384424925,0.0
